Forge Auto Renaming Tool v2.0.4
lib: C:\Users\joshp\MCreatorWorkspaces\dynamic_dirt\build\moddev\artifacts\forge-1.19.4-45.4.2.jar
lib: C:\Users\joshp\.mcreator\gradle\caches\modules-2\files-2.1\io.github.llamalad7\mixinextras-common\0.5.0\286da96036621082491d971dfc62bee8fc37d161\mixinextras-common-0.5.0.jar
lib: C:\Users\joshp\.mcreator\gradle\caches\modules-2\files-2.1\io.github.llamalad7\mixinextras-forge\0.5.0\cebe4d98a42a4a32ebf0ddec7b93d5bdbdad009\mixinextras-forge-0.5.0.jar
lib: C:\Users\joshp\.mcreator\gradle\caches\modules-2\files-2.1\cpw.mods\securejarhandler\2.1.6\66c15fc1f522b586476e9e4cccd0cbe192554e8a\securejarhandler-2.1.6.jar
lib: C:\Users\joshp\.mcreator\gradle\caches\modules-2\files-2.1\net.minecraftforge\fmlloader\1.19.4-45.4.2\6441f0ecd25e7440c6774bc6a13951e1e19bfa93\fmlloader-1.19.4-45.4.2.jar
lib: C:\Users\joshp\.mcreator\gradle\caches\modules-2\files-2.1\net.minecraftforge\coremods\5.2.4\e30bab269d896613e38396274711410b3a0e4b87\coremods-5.2.4.jar
lib: C:\Users\joshp\.mcreator\gradle\caches\modules-2\files-2.1\cpw.mods\modlauncher\10.0.8\658c4ddb704aeeaa94ff3e668785a5eebddd0cb5\modlauncher-10.0.8.jar
lib: C:\Users\joshp\.mcreator\gradle\caches\modules-2\files-2.1\org.openjdk.nashorn\nashorn-core\15.4\f67f5ffaa5f5130cf6fb9b133da00c7df3b532a5\nashorn-core-15.4.jar
lib: C:\Users\joshp\.mcreator\gradle\caches\modules-2\files-2.1\org.ow2.asm\asm-commons\9.7.1\406c6a2225cfe1819f102a161e54cc16a5c24f75\asm-commons-9.7.1.jar
lib: C:\Users\joshp\.mcreator\gradle\caches\modules-2\files-2.1\org.ow2.asm\asm-util\9.7.1\9e23359b598ec6b74b23e53110dd5c577adf2243\asm-util-9.7.1.jar
lib: C:\Users\joshp\.mcreator\gradle\caches\modules-2\files-2.1\org.ow2.asm\asm-analysis\9.7.1\f97a3b319f0ed6a8cd944dc79060d3912a28985f\asm-analysis-9.7.1.jar
lib: C:\Users\joshp\.mcreator\gradle\caches\modules-2\files-2.1\org.ow2.asm\asm-tree\9.7.1\3a53139787663b139de76b627fca0084ab60d32c\asm-tree-9.7.1.jar
lib: C:\Users\joshp\.mcreator\gradle\caches\modules-2\files-2.1\org.ow2.asm\asm\9.7.1\f0ed132a49244b042cd0e15702ab9f2ce3cc8436\asm-9.7.1.jar
lib: C:\Users\joshp\.mcreator\gradle\caches\modules-2\files-2.1\net.minecraftforge\accesstransformers\8.0.4\272d240aa73f42195b2a68e2ebd8b701ecf41f63\accesstransformers-8.0.4.jar
lib: C:\Users\joshp\.mcreator\gradle\caches\modules-2\files-2.1\org.antlr\antlr4\4.9.1\e92af8ab33e428461927b484e90bb155a4f3a052\antlr4-4.9.1.jar
lib: C:\Users\joshp\.mcreator\gradle\caches\modules-2\files-2.1\org.antlr\antlr4-runtime\4.9.1\428664f05d2b7f7b7610204b5aa7c1763f62011a\antlr4-runtime-4.9.1.jar
lib: C:\Users\joshp\.mcreator\gradle\caches\modules-2\files-2.1\net.minecraftforge\fmlcore\1.19.4-45.4.2\2bcb13f301cb6c0bdb041096d2397be716c0d460\fmlcore-1.19.4-45.4.2.jar
lib: C:\Users\joshp\.mcreator\gradle\caches\modules-2\files-2.1\net.minecraftforge\eventbus\6.0.3\42fe522ace1bbcbcbba9c880c42411857baf36a9\eventbus-6.0.3.jar
lib: C:\Users\joshp\.mcreator\gradle\caches\modules-2\files-2.1\net.minecraftforge\forgespi\6.0.0\4a2004591666531f8b30d3402317b1ff6411bd3e\forgespi-6.0.0.jar
lib: C:\Users\joshp\.mcreator\gradle\caches\modules-2\files-2.1\net.minecraftforge\unsafe\0.2.0\54d7a0a5e8fdb71b973025caa46f341ae5904f39\unsafe-0.2.0.jar
lib: C:\Users\joshp\.mcreator\gradle\caches\modules-2\files-2.1\com.electronwill.night-config\toml\3.6.4\51d6cefb2b55ee55ee26b16391212fb2c7dfb4f4\toml-3.6.4.jar
lib: C:\Users\joshp\.mcreator\gradle\caches\modules-2\files-2.1\com.electronwill.night-config\core\3.6.4\510f174abbf1c947494db50ef2445683bd52c230\core-3.6.4.jar
lib: C:\Users\joshp\.mcreator\gradle\caches\modules-2\files-2.1\net.minecraftforge\JarJarSelector\0.3.19\376cc9c8ea60720cf027c01fc033de915699801c\JarJarSelector-0.3.19.jar
lib: C:\Users\joshp\.mcreator\gradle\caches\modules-2\files-2.1\net.minecraftforge\JarJarMetadata\0.3.19\83feaa9b770e6ac0e96ee4fc23fa89325c5fe2\JarJarMetadata-0.3.19.jar
lib: C:\Users\joshp\.mcreator\gradle\caches\modules-2\files-2.1\org.apache.maven\maven-artifact\3.8.5\4433f50c07debefaed0553bd0068f4f48d449313\maven-artifact-3.8.5.jar
lib: C:\Users\joshp\.mcreator\gradle\caches\modules-2\files-2.1\net.jodah\typetools\0.8.3\98f84f353457629e81cc6827224871b1a8faa7af\typetools-0.8.3.jar
lib: C:\Users\joshp\.mcreator\gradle\caches\modules-2\files-2.1\net.minecrell\terminalconsoleappender\1.2.0\96d02cd3b384ff015a8fef4223bcb4ccf1717c95\terminalconsoleappender-1.2.0.jar
lib: C:\Users\joshp\.mcreator\gradle\caches\modules-2\files-2.1\org.jline\jline-reader\3.12.1\4382ab1382c7b6f379377ed5f665dc2f6e1218bc\jline-reader-3.12.1.jar
lib: C:\Users\joshp\.mcreator\gradle\caches\modules-2\files-2.1\org.jline\jline-terminal\3.12.1\c777448314e050d980a6b697c140f3bfe9eb7416\jline-terminal-3.12.1.jar
lib: C:\Users\joshp\.mcreator\gradle\caches\modules-2\files-2.1\org.spongepowered\mixin\0.8.5\9d1c0c3a304ae6697ecd477218fa61b850bf57fc\mixin-0.8.5.jar
lib: C:\Users\joshp\.mcreator\gradle\caches\modules-2\files-2.1\net.java.dev.jna\jna-platform\5.12.1\97406a297c852f4a41e688a176ec675f72e8329\jna-platform-5.12.1.jar
lib: C:\Users\joshp\.mcreator\gradle\caches\modules-2\files-2.1\ca.weblite\java-objc-bridge\1.1\1227f9e0666314f9de41477e3ec277e542ed7f7b\java-objc-bridge-1.1.jar
lib: C:\Users\joshp\.mcreator\gradle\caches\modules-2\files-2.1\net.java.dev.jna\jna\5.12.1\b1e93a735caea94f503e95e6fe79bf9cdc1e985d\jna-5.12.1.jar
lib: C:\Users\joshp\.mcreator\gradle\caches\modules-2\files-2.1\cpw.mods\bootstraplauncher\1.1.2\c546e00443d8432cda6baa1c860346980742628\bootstraplauncher-1.1.2.jar
lib: C:\Users\joshp\.mcreator\gradle\caches\modules-2\files-2.1\net.minecraftforge\JarJarFileSystems\0.3.19\2464eb7d6b9ddb9db36a82cf8a95193e5c6fe020\JarJarFileSystems-0.3.19.jar
lib: C:\Users\joshp\.mcreator\gradle\caches\modules-2\files-2.1\net.minecraftforge\javafmllanguage\1.19.4-45.4.2\63035bfc5e2d776c14b0278e4ff18aa32ae787d9\javafmllanguage-1.19.4-45.4.2.jar
lib: C:\Users\joshp\.mcreator\gradle\caches\modules-2\files-2.1\net.minecraftforge\lowcodelanguage\1.19.4-45.4.2\6a86a0bfaff2d1869abdfe76618a104b82bfd236\lowcodelanguage-1.19.4-45.4.2.jar
lib: C:\Users\joshp\.mcreator\gradle\caches\modules-2\files-2.1\net.minecraftforge\mclanguage\1.19.4-45.4.2\e5925c8bee362037f4f9bf2a1112b89ffe826458\mclanguage-1.19.4-45.4.2.jar
lib: C:\Users\joshp\.mcreator\gradle\caches\modules-2\files-2.1\org.codehaus.plexus\plexus-utils\3.3.0\cf43b5391de623b36fe066a21127baef82c64022\plexus-utils-3.3.0.jar
lib: C:\Users\joshp\.mcreator\gradle\caches\modules-2\files-2.1\org.apache.commons\commons-lang3\3.12.0\c6842c86792ff03b9f1d1fe2aab8dc23aa6c6f0e\commons-lang3-3.12.0.jar
lib: C:\Users\joshp\.mcreator\gradle\caches\modules-2\files-2.1\org.apache.logging.log4j\log4j-core\2.8.1\4ac28ff2f1ddf05dae3043a190451e8c46b73c31\log4j-core-2.8.1.jar
lib: C:\Users\joshp\.mcreator\gradle\caches\modules-2\files-2.1\com.google.code.gson\gson\2.10\dd9b193aef96e973d5a11ab13cd17430c2e4306b\gson-2.10.jar
lib: C:\Users\joshp\.mcreator\gradle\caches\modules-2\files-2.1\com.google.guava\guava\31.1-jre\60458f877d055d0c9114d9e1a2efb737b4bc282c\guava-31.1-jre.jar
lib: C:\Users\joshp\.mcreator\gradle\caches\modules-2\files-2.1\com.machinezoo.noexception\noexception\1.7.1\b65330c98e38a1f915fa54a6e5eca496505e3f0a\noexception-1.7.1.jar
lib: C:\Users\joshp\.mcreator\gradle\caches\modules-2\files-2.1\org.slf4j\slf4j-api\1.8.0-beta4\83b0359d847ee053d745be7ec0d8e9e8a44304b4\slf4j-api-1.8.0-beta4.jar
lib: C:\Users\joshp\.mcreator\gradle\caches\modules-2\files-2.1\org.apache.logging.log4j\log4j-api\2.19.0\ea1b37f38c327596b216542bc636cfdc0b8036fa\log4j-api-2.19.0.jar
lib: C:\Users\joshp\.mcreator\gradle\caches\modules-2\files-2.1\com.mojang\logging\1.1.1\832b8e6674a9b325a5175a3a6267dfaf34c85139\logging-1.1.1.jar
lib: C:\Users\joshp\.mcreator\gradle\caches\modules-2\files-2.1\com.google.code.findbugs\jsr305\3.0.2\25ea2e8b0c338a877313bd4672d3fe056ea78f0d\jsr305-3.0.2.jar
lib: C:\Users\joshp\.mcreator\gradle\caches\modules-2\files-2.1\net.minecraftforge\mergetool\1.1.5\e31dad26696043b540681aabc93e2001a1a2cd44\mergetool-1.1.5.jar
lib: C:\Users\joshp\.mcreator\gradle\caches\modules-2\files-2.1\org.jetbrains\annotations\23.0.0\8cc20c07506ec18e0834947b84a864bfc094484e\annotations-23.0.0.jar
lib: C:\Users\joshp\.mcreator\gradle\caches\modules-2\files-2.1\com.github.oshi\oshi-core\6.2.2\54f5efc19bca95d709d9a37d19ffcbba3d21c1a6\oshi-core-6.2.2.jar
lib: C:\Users\joshp\.mcreator\gradle\caches\modules-2\files-2.1\com.google.guava\failureaccess\1.0.1\1dcf1de382a0bf95a3d8b0849546c88bac1292c9\failureaccess-1.0.1.jar
lib: C:\Users\joshp\.mcreator\gradle\caches\modules-2\files-2.1\com.ibm.icu\icu4j\61.1\28d33b5e44e72edcc66a5da7a34a42147f38d987\icu4j-61.1.jar
lib: C:\Users\joshp\.mcreator\gradle\caches\modules-2\files-2.1\com.mojang\authlib\3.18.38\16106b26bce62bda55bab42785b999e44d77ecb\authlib-3.18.38.jar
lib: C:\Users\joshp\.mcreator\gradle\caches\modules-2\files-2.1\com.mojang\blocklist\1.0.10\5c685c5ffa94c4cd39496c7184c1d122e515ecef\blocklist-1.0.10.jar
lib: C:\Users\joshp\.mcreator\gradle\caches\modules-2\files-2.1\com.mojang\brigadier\1.0.18\c1ef1234282716483c92183f49bef47b1a89bfa9\brigadier-1.0.18.jar
lib: C:\Users\joshp\.mcreator\gradle\caches\modules-2\files-2.1\com.mojang\datafixerupper\6.0.6\e38e20946530646e866db03b2b192883d0ea6e84\datafixerupper-6.0.6.jar
lib: C:\Users\joshp\.mcreator\gradle\caches\modules-2\files-2.1\com.mojang\patchy\2.2.10\da05971b07cbb379d002cf7eaec6a2048211fefc\patchy-2.2.10.jar
lib: C:\Users\joshp\.mcreator\gradle\caches\modules-2\files-2.1\com.mojang\text2speech\1.16.7\ee4095669061d1fe4bce5fea23d69d1520bc2d58\text2speech-1.16.7.jar
lib: C:\Users\joshp\.mcreator\gradle\caches\modules-2\files-2.1\commons-codec\commons-codec\1.15\49d94806b6e3dc933dacbd8acb0fdbab8ebd1e5d\commons-codec-1.15.jar
lib: C:\Users\joshp\.mcreator\gradle\caches\modules-2\files-2.1\commons-io\commons-io\2.11.0\a2503f302b11ebde7ebc3df41daebe0e4eea3689\commons-io-2.11.0.jar
lib: C:\Users\joshp\.mcreator\gradle\caches\modules-2\files-2.1\commons-logging\commons-logging\1.2\4bfc12adfe4842bf07b657f0369c4cb522955686\commons-logging-1.2.jar
lib: C:\Users\joshp\.mcreator\gradle\caches\modules-2\files-2.1\io.netty\netty-buffer\4.1.82.Final\a544270cf1ae8b8077082f5036436a9a9971ea71\netty-buffer-4.1.82.Final.jar
lib: C:\Users\joshp\.mcreator\gradle\caches\modules-2\files-2.1\io.netty\netty-codec\4.1.82.Final\b77200379acb345a9ffdece1c605e591ac3e4e0a\netty-codec-4.1.82.Final.jar
lib: C:\Users\joshp\.mcreator\gradle\caches\modules-2\files-2.1\io.netty\netty-common\4.1.82.Final\22d148e85c3f5ebdacc0ce1f5aabb1d420f73f3\netty-common-4.1.82.Final.jar
lib: C:\Users\joshp\.mcreator\gradle\caches\modules-2\files-2.1\io.netty\netty-handler\4.1.82.Final\644041d1fa96a5d3130a29e8978630d716d76e38\netty-handler-4.1.82.Final.jar
lib: C:\Users\joshp\.mcreator\gradle\caches\modules-2\files-2.1\io.netty\netty-resolver\4.1.82.Final\38f665ae8dcd29032eea31245ba7806bed2e0fa8\netty-resolver-4.1.82.Final.jar
lib: C:\Users\joshp\.mcreator\gradle\caches\modules-2\files-2.1\io.netty\netty-transport-classes-epoll\4.1.82.Final\e7c7dd18deac93105797f30057c912651ea76521\netty-transport-classes-epoll-4.1.82.Final.jar
lib: C:\Users\joshp\.mcreator\gradle\caches\modules-2\files-2.1\io.netty\netty-transport-native-unix-common\4.1.82.Final\3e895b35ca1b8a0eca56cacff4c2dde5d2c6abce\netty-transport-native-unix-common-4.1.82.Final.jar
lib: C:\Users\joshp\.mcreator\gradle\caches\modules-2\files-2.1\io.netty\netty-transport\4.1.82.Final\e431a218d91acb6476ccad5f5aafde50aa3945ca\netty-transport-4.1.82.Final.jar
lib: C:\Users\joshp\.mcreator\gradle\caches\modules-2\files-2.1\it.unimi.dsi\fastutil\8.5.9\bb7ea75ecdb216654237830b3a96d87ad91f8cc5\fastutil-8.5.9.jar
lib: C:\Users\joshp\.mcreator\gradle\caches\modules-2\files-2.1\net.sf.jopt-simple\jopt-simple\5.0.4\4fdac2fbe92dfad86aa6e9301736f6b4342a3f5c\jopt-simple-5.0.4.jar
lib: C:\Users\joshp\.mcreator\gradle\caches\modules-2\files-2.1\org.apache.commons\commons-compress\1.21\4ec95b60d4e86b5c95a0e919cb172a0af98011ef\commons-compress-1.21.jar
lib: C:\Users\joshp\.mcreator\gradle\caches\modules-2\files-2.1\org.apache.httpcomponents\httpclient\4.5.13\e5f6cae5ca7ecaac1ec2827a9e2d65ae2869cada\httpclient-4.5.13.jar
lib: C:\Users\joshp\.mcreator\gradle\caches\modules-2\files-2.1\org.apache.httpcomponents\httpcore\4.4.15\7f2e0c573eaa7a74bac2e89b359e1f73d92a0a1d\httpcore-4.4.15.jar
lib: C:\Users\joshp\.mcreator\gradle\caches\modules-2\files-2.1\org.apache.logging.log4j\log4j-slf4j2-impl\2.19.0\5c04bfdd63ce9dceb2e284b81e96b6a70010ee10\log4j-slf4j2-impl-2.19.0.jar
lib: C:\Users\joshp\.mcreator\gradle\caches\modules-2\files-2.1\org.joml\joml\1.10.5\22566d58af70ad3d72308bab63b8339906deb649\joml-1.10.5.jar
lib: C:\Users\joshp\.mcreator\gradle\caches\modules-2\files-2.1\org.lwjgl\lwjgl-glfw\3.3.1\cbac1b8d30cb4795149c1ef540f912671a8616d0\lwjgl-glfw-3.3.1.jar
lib: C:\Users\joshp\.mcreator\gradle\caches\modules-2\files-2.1\org.lwjgl\lwjgl-jemalloc\3.3.1\a817bcf213db49f710603677457567c37d53e103\lwjgl-jemalloc-3.3.1.jar
lib: C:\Users\joshp\.mcreator\gradle\caches\modules-2\files-2.1\org.lwjgl\lwjgl-openal\3.3.1\2623a6b8ae1dfcd880738656a9f0243d2e6840bd\lwjgl-openal-3.3.1.jar
lib: C:\Users\joshp\.mcreator\gradle\caches\modules-2\files-2.1\org.lwjgl\lwjgl-opengl\3.3.1\831a5533a21a5f4f81bbc51bb13e9899319b5411\lwjgl-opengl-3.3.1.jar
lib: C:\Users\joshp\.mcreator\gradle\caches\modules-2\files-2.1\org.lwjgl\lwjgl-stb\3.3.1\b119297cf8ed01f247abe8685857f8e7fcf5980f\lwjgl-stb-3.3.1.jar
lib: C:\Users\joshp\.mcreator\gradle\caches\modules-2\files-2.1\org.lwjgl\lwjgl-tinyfd\3.3.1\ff1914111ef2e3e0110ef2dabc8d8cdaad82347\lwjgl-tinyfd-3.3.1.jar
lib: C:\Users\joshp\.mcreator\gradle\caches\modules-2\files-2.1\org.lwjgl\lwjgl\3.3.1\ae58664f88e18a9bb2c77b063833ca7aaec484cb\lwjgl-3.3.1.jar
lib: C:\Users\joshp\.mcreator\gradle\caches\modules-2\files-2.1\org.antlr\ST4\4.3\92f2c1ad8d84abcbeead6cf7f2c53a04166293c2\ST4-4.3.jar
lib: C:\Users\joshp\.mcreator\gradle\caches\modules-2\files-2.1\org.antlr\antlr-runtime\3.5.2\cd9cd41361c155f3af0f653009dcecb08d8b4afd\antlr-runtime-3.5.2.jar
lib: C:\Users\joshp\.mcreator\gradle\caches\modules-2\files-2.1\org.abego.treelayout\org.abego.treelayout.core\1.0.3\457216e8e6578099ae63667bb1e4439235892028\org.abego.treelayout.core-1.0.3.jar
lib: C:\Users\joshp\.mcreator\gradle\caches\modules-2\files-2.1\org.glassfish\javax.json\1.0.4\3178f73569fd7a1e5ffc464e680f7a8cc784b85a\javax.json-1.0.4.jar
lib: C:\Users\joshp\.mcreator\gradle\caches\modules-2\files-2.1\com.google.guava\listenablefuture\9999.0-empty-to-avoid-conflict-with-guava\b421526c5f297295adef1c886e5246c39d4ac629\listenablefuture-9999.0-empty-to-avoid-conflict-with-guava.jar
lib: C:\Users\joshp\.mcreator\gradle\caches\modules-2\files-2.1\org.checkerframework\checker-qual\3.12.0\d5692f0526415fcc6de94bb5bfbd3afd9dd3b3e5\checker-qual-3.12.0.jar
lib: C:\Users\joshp\.mcreator\gradle\caches\modules-2\files-2.1\com.google.errorprone\error_prone_annotations\2.11.0\c5a0ace696d3f8b1c1d8cc036d8c03cc0cbe6b69\error_prone_annotations-2.11.0.jar
lib: C:\Users\joshp\.mcreator\gradle\caches\modules-2\files-2.1\com.google.j2objc\j2objc-annotations\1.3\ba035118bc8bac37d7eff77700720999acd9986d\j2objc-annotations-1.3.jar
log: null
input: C:\Users\joshp\MCreatorWorkspaces\dynamic_dirt\build\devlibs\modid-1.0.jar
output: C:\Users\joshp\MCreatorWorkspaces\dynamic_dirt\build\libs\modid-1.0.jar
threads: 16
Names: C:\Users\joshp\MCreatorWorkspaces\dynamic_dirt\build\moddev\artifacts\namedToIntermediate.tsrg(reversed: false)
Fix Annotations: false
Unfinal Parameters: false
Fix Records: false
Fix Identifiers: false
Fix SourceFile: false
Fix Line Numbers: false
Strip codesigning signatures: ALL
Adding Libraries to Inheritance
Reading Input: C:\Users\joshp\MCreatorWorkspaces\dynamic_dirt\build\devlibs\modid-1.0.jar
Adding input to inheritance map
Processing entries
Adding extras
Sorting
Writing Output: C:\Users\joshp\MCreatorWorkspaces\dynamic_dirt\build\libs\modid-1.0.jar
  META-INF/
  META-INF/MANIFEST.MF
  META-INF/jarjar/
  META-INF/jarjar/metadata.json
  META-INF/jarjar/mixinextras-forge-0.5.0.jar
  META-INF/mods.toml
  assets/
  assets/enhanced_survival/
  assets/enhanced_survival/lang/
  assets/enhanced_survival/lang/en_us.json
  enhanced_survival/
  enhanced_survival/EnhancedSurvivalMod.class
  pack.mcmeta
